Build started 8/10/2011 10:20:52 AM.
     1>Project "C:\Users\Local Projects\Documents\Visual Studio 2010\Projects\GCDWFoto\GCDWFoto\GCDWFoto.vcxproj" on node 2 (build target(s)).
     1>InitializeBuildStatus:
         Creating "Release\GCDWFoto.unsuccessfulbuild" because "AlwaysCreate" was specified.
       ClCompile:
         All outputs are up-to-date.
         C:\Program Files\Microsoft Visual Studio 10.0\VC\bin\CL.exe /c /I"C:\Users\Local Projects\Documents\Visual Studio 2010\Projects\GCDWFoto\GCDWFoto\Command" /I"C:\Users\Local Projects\Documents\Visual Studio 2010\Projects\GCDWFoto\GCDWFoto\Class" /I"C:\Users\Local Projects\Documents\Visual Studio 2010\Projects\GCDWFoto\GCDWFoto\Camera" /Zi /nologo /W3 /WX- /O2 /Oi /Oy- /GL /D WIN32 /D NDEBUG /D _CONSOLE /D _UNICODE /D UNICODE /Gm- /EHsc /MD /GS /Gy /fp:precise /Zc:wchar_t /Zc:forScope /Yu"StdAfx.h" /Fp"Release\GCDWFoto.pch" /Fo"Release\\" /Fd"Release\vc100.pdb" /Gd /TP /analyze- /errorReport:prompt GCDWFoto.cpp
         GCDWFoto.cpp
     1>GCDWFoto.cpp(162): warning C4996: 'stricmp': The POSIX name for this item is deprecated. Instead, use the ISO C++ conformant name: _stricmp. See online help for details.
                 C:\Program Files\Microsoft Visual Studio 10.0\VC\include\string.h(246) : see declaration of 'stricmp'
       Link:
         C:\Program Files\Microsoft Visual Studio 10.0\VC\bin\link.exe /ERRORREPORT:PROMPT /OUT:"C:\Users\Local Projects\Documents\Visual Studio 2010\Projects\GCDWFoto\Release\GCDWFoto.exe" /INCREMENTAL:NO /NOLOGO /LIBPATH:"C:\Users\Local Projects\Documents\Visual Studio 2010\Projects\GCDWFoto\GCDWFoto\Library" EDSDK.lib kernel32.lib user32.lib gdi32.lib winspool.lib comdlg32.lib advapi32.lib shell32.lib ole32.lib oleaut32.lib uuid.lib odbc32.lib odbccp32.lib /MANIFEST /ManifestFile:"Release\GCDWFoto.exe.intermediate.manifest" /MANIFESTUAC:"level='asInvoker' uiAccess='false'" /DEBUG /PDB:"C:\Users\Local Projects\Documents\Visual Studio 2010\Projects\GCDWFoto\Release\GCDWFoto.pdb" /SUBSYSTEM:CONSOLE /OPT:REF /OPT:ICF /LTCG /TLBID:1 /DYNAMICBASE /NXCOMPAT /IMPLIB:"C:\Users\Local Projects\Documents\Visual Studio 2010\Projects\GCDWFoto\Release\GCDWFoto.lib" /MACHINE:X86 Release\GCDWFoto.obj
         Release\stdafx.obj
         Generating code
         Finished generating code
         GCDWFoto.vcxproj -> C:\Users\Local Projects\Documents\Visual Studio 2010\Projects\GCDWFoto\Release\GCDWFoto.exe
       Manifest:
         C:\Program Files\Microsoft SDKs\Windows\v7.0A\bin\mt.exe /nologo /verbose /outputresource:"C:\Users\Local Projects\Documents\Visual Studio 2010\Projects\GCDWFoto\Release\GCDWFoto.exe;#1" /manifest Release\GCDWFoto.exe.intermediate.manifest
       FinalizeBuildStatus:
         Deleting file "Release\GCDWFoto.unsuccessfulbuild".
         Touching "Release\GCDWFoto.lastbuildstate".
     1>Done Building Project "C:\Users\Local Projects\Documents\Visual Studio 2010\Projects\GCDWFoto\GCDWFoto\GCDWFoto.vcxproj" (build target(s)).

Build succeeded.

Time Elapsed 00:00:01.64
