C:\USERS\LOCAL PROJECTS\DOCUMENTS\VISUAL STUDIO 2010\PROJECTS\GCDWFOTO\DEBUG\GCDWFOTO.EXE
C:\USERS\LOCAL PROJECTS\DOCUMENTS\VISUAL STUDIO 2010\PROJECTS\GCDWFOTO\DEBUG\GCDWFOTO.ILK
C:\USERS\LOCAL PROJECTS\DOCUMENTS\VISUAL STUDIO 2010\PROJECTS\GCDWFOTO\DEBUG\GCDWFOTO.PDB
C:\Users\Local Projects\Documents\Visual Studio 2010\Projects\GCDWFoto\GCDWFoto\Debug\cl.command.1.tlog
C:\Users\Local Projects\Documents\Visual Studio 2010\Projects\GCDWFoto\GCDWFoto\Debug\CL.read.1.tlog
C:\Users\Local Projects\Documents\Visual Studio 2010\Projects\GCDWFoto\GCDWFoto\Debug\CL.write.1.tlog
C:\USERS\LOCAL PROJECTS\DOCUMENTS\VISUAL STUDIO 2010\PROJECTS\GCDWFOTO\GCDWFOTO\DEBUG\GCDWFOTO.EXE.EMBED.MANIFEST
C:\USERS\LOCAL PROJECTS\DOCUMENTS\VISUAL STUDIO 2010\PROJECTS\GCDWFOTO\GCDWFOTO\DEBUG\GCDWFOTO.EXE.EMBED.MANIFEST.RES
C:\USERS\LOCAL PROJECTS\DOCUMENTS\VISUAL STUDIO 2010\PROJECTS\GCDWFOTO\GCDWFOTO\DEBUG\GCDWFOTO.EXE.INTERMEDIATE.MANIFEST
C:\USERS\LOCAL PROJECTS\DOCUMENTS\VISUAL STUDIO 2010\PROJECTS\GCDWFOTO\GCDWFOTO\DEBUG\GCDWFOTO.OBJ
C:\USERS\LOCAL PROJECTS\DOCUMENTS\VISUAL STUDIO 2010\PROJECTS\GCDWFOTO\GCDWFOTO\DEBUG\GCDWFOTO.PCH
C:\Users\Local Projects\Documents\Visual Studio 2010\Projects\GCDWFoto\GCDWFoto\Debug\GCDWFoto_manifest.rc
C:\Users\Local Projects\Documents\Visual Studio 2010\Projects\GCDWFoto\GCDWFoto\Debug\link.932.read.1.tlog
C:\Users\Local Projects\Documents\Visual Studio 2010\Projects\GCDWFoto\GCDWFoto\Debug\link.932.write.1.tlog
C:\Users\Local Projects\Documents\Visual Studio 2010\Projects\GCDWFoto\GCDWFoto\Debug\link.932-cvtres.read.1.tlog
C:\Users\Local Projects\Documents\Visual Studio 2010\Projects\GCDWFoto\GCDWFoto\Debug\link.932-cvtres.write.1.tlog
C:\Users\Local Projects\Documents\Visual Studio 2010\Projects\GCDWFoto\GCDWFoto\Debug\link.command.1.tlog
C:\Users\Local Projects\Documents\Visual Studio 2010\Projects\GCDWFoto\GCDWFoto\Debug\link.read.1.tlog
C:\Users\Local Projects\Documents\Visual Studio 2010\Projects\GCDWFoto\GCDWFoto\Debug\link.write.1.tlog
C:\Users\Local Projects\Documents\Visual Studio 2010\Projects\GCDWFoto\GCDWFoto\Debug\link-cvtres.read.1.tlog
C:\Users\Local Projects\Documents\Visual Studio 2010\Projects\GCDWFoto\GCDWFoto\Debug\link-cvtres.write.1.tlog
C:\Users\Local Projects\Documents\Visual Studio 2010\Projects\GCDWFoto\GCDWFoto\Debug\mt.command.1.tlog
C:\Users\Local Projects\Documents\Visual Studio 2010\Projects\GCDWFoto\GCDWFoto\Debug\mt.read.1.tlog
C:\Users\Local Projects\Documents\Visual Studio 2010\Projects\GCDWFoto\GCDWFoto\Debug\mt.write.1.tlog
C:\Users\Local Projects\Documents\Visual Studio 2010\Projects\GCDWFoto\GCDWFoto\Debug\rc.command.1.tlog
C:\Users\Local Projects\Documents\Visual Studio 2010\Projects\GCDWFoto\GCDWFoto\Debug\rc.read.1.tlog
C:\Users\Local Projects\Documents\Visual Studio 2010\Projects\GCDWFoto\GCDWFoto\Debug\rc.write.1.tlog
C:\USERS\LOCAL PROJECTS\DOCUMENTS\VISUAL STUDIO 2010\PROJECTS\GCDWFOTO\GCDWFOTO\DEBUG\STDAFX.OBJ
C:\Users\Local Projects\Documents\Visual Studio 2010\Projects\GCDWFoto\GCDWFoto\Debug\vc100.idb
C:\USERS\LOCAL PROJECTS\DOCUMENTS\VISUAL STUDIO 2010\PROJECTS\GCDWFOTO\GCDWFOTO\DEBUG\VC100.PDB
